2025-02-13 10:00:01 INFO Server started
2025-02-13 10:00:02 INFO Listening on port 8080
2025-02-13 10:00:15 INFO Request GET /api/health
2025-02-13 10:00:16 ERROR Database connection refused
2025-02-13 10:00:17 INFO Retry attempt 1
2025-02-13 10:00:18 CRITICAL Failed to initialize pool
2025-02-13 10:00:19 INFO Shutting down
2025-02-13 10:01:00 INFO Server started
2025-02-13 10:01:01 WARN High memory usage
2025-02-13 10:01:02 Exception in thread main: java.lang.NullPointerException
2025-02-13 10:01:03 Traceback (most recent call last):
2025-02-13 10:01:04   File "app.py", line 42, in handle
2025-02-13 10:01:05 INFO Request GET /api/users
2025-02-13 10:01:06 [ERROR] Payment service timeout
2025-02-13 10:01:07 status=500 Internal Server Error
2025-02-13 10:01:08 INFO Request completed
2025-02-13 10:02:00 INFO Batch job started
2025-02-13 10:02:01 INFO Processing item id=1
2025-02-13 10:02:01 INFO Processing item id=2
2025-02-13 10:02:01 INFO Processing item id=3
2025-02-13 10:02:01 INFO Processing item id=4
2025-02-13 10:02:01 INFO Processing item id=5
2025-02-13 10:02:02 INFO Query SELECT * FROM users took 150 ms
2025-02-13 10:02:02 INFO Query SELECT * FROM orders took 1.5s
2025-02-13 10:02:03 WARN Slow request /api/report took 2500 ms
2025-02-13 10:02:04 INFO Background sync completed in 1800 ms
2025-02-13 10:02:05 INFO Background sync completed in 2300 ms
2025-02-13 10:02:06 INFO Background sync completed in 3500 ms
2025-02-13 10:02:07 INFO Cache warmup elapsed 1.8 seconds
2025-02-13 10:02:08 INFO Cache warmup elapsed 2.1 seconds
2025-02-13 10:02:09 INFO Cache warmup elapsed 3.5 seconds
2025-02-13 10:02:10 INFO Routine task finished in 900 ms
2025-02-13 10:02:11 INFO Routine task finished in 2100 ms
2025-02-13 10:02:12 INFO Routine task finished in 500 ms
2025-02-13 10:02:13 INFO Routine task finished in 3100 ms
2025-02-13 10:02:14 INFO Request GET /api/slow-report took 2.5 seconds
2025-02-13 10:02:15 INFO Request GET /api/slow-report took 3.1 seconds
2025-02-13 10:02:16 INFO Request GET /api/slow-report took 1.4 seconds
2025-02-13 10:02:17 INFO Request GET /api/slow-report took 4.2 seconds
2025-02-13 10:02:18 INFO Worker-1 DEBUG starting subtask
2025-02-13 10:02:18 INFO Worker-1 subtask finished in 500 ms
2025-02-13 10:02:19 INFO Worker-2 subtask finished in 2600 ms
2025-02-13 10:02:20 INFO Worker-3 subtask finished in 800 ms
2025-02-13 10:02:21 INFO Worker-4 subtask finished in 2700 ms
2025-02-13 10:02:22 INFO Worker-5 subtask finished in 1200 ms
2025-02-13 10:02:23 INFO Worker-6 subtask finished in 2900 ms
2025-02-13 10:02:24 INFO Metrics: query duration=1.1s
2025-02-13 10:02:25 INFO Metrics: query duration=2.3s
2025-02-13 10:02:26 INFO Metrics: query duration=3.8s
2025-02-13 10:02:27 INFO Metrics: query duration=0.9s
2025-02-13 10:02:28 INFO Metrics: query duration=4.2s
2025-02-13 10:03:00 INFO Healthcheck OK
2025-02-13 10:03:01 INFO Healthcheck OK
2025-02-13 10:03:02 INFO Healthcheck OK
2025-02-13 10:03:03 INFO Healthcheck OK
2025-02-13 10:03:04 INFO Healthcheck OK
2025-02-13 10:03:05 INFO Healthcheck OK
2025-02-13 10:03:06 INFO Healthcheck OK
2025-02-13 10:03:07 INFO Healthcheck OK
2025-02-13 10:03:08 INFO Healthcheck OK
2025-02-13 10:03:09 INFO Healthcheck OK
2025-02-13 10:04:00 ERROR Timeout while calling payment gateway (attempt 1)
2025-02-13 10:04:05 ERROR Timeout while calling payment gateway (attempt 2)
2025-02-13 10:04:10 ERROR Timeout while calling payment gateway (attempt 3)
2025-02-13 10:04:15 ERROR Timeout while calling payment gateway (attempt 4)
2025-02-13 10:04:20 ERROR Timeout while calling payment gateway (attempt 5)
2025-02-13 10:04:25 ERROR Timeout while calling payment gateway (attempt 6)
2025-02-13 10:04:30 ERROR Timeout while calling payment gateway (attempt 7)
2025-02-13 10:04:35 ERROR Timeout while calling payment gateway (attempt 8)
2025-02-13 10:04:40 ERROR Timeout while calling payment gateway (attempt 9)
2025-02-13 10:04:45 ERROR Timeout while calling payment gateway (attempt 10)
2025-02-13 10:05:00 WARN Retry queue size=100
2025-02-13 10:05:05 WARN Retry queue size=120
2025-02-13 10:05:10 WARN Retry queue size=140
2025-02-13 10:05:15 WARN Retry queue size=160
2025-02-13 10:05:20 WARN Retry queue size=180
2025-02-13 10:05:25 WARN Retry queue size=200
2025-02-13 10:05:30 WARN Retry queue size=220
2025-02-13 10:05:35 WARN Retry queue size=240
2025-02-13 10:05:40 WARN Retry queue size=260
2025-02-13 10:05:45 WARN Retry queue size=280
2025-02-13 10:06:00 INFO Flushing retry queue took 1.9s
2025-02-13 10:06:05 INFO Flushing retry queue took 2.2s
2025-02-13 10:06:10 INFO Flushing retry queue took 3.4s
2025-02-13 10:06:15 INFO Flushing retry queue took 0.8s
2025-02-13 10:06:20 INFO Flushing retry queue took 2.7s
2025-02-13 10:06:25 INFO Compacting database took 1.5 seconds
2025-02-13 10:06:30 INFO Compacting database took 2.3 seconds
2025-02-13 10:06:35 INFO Compacting database took 4.8 seconds
2025-02-13 10:06:40 INFO Compacting database took 0.7 seconds
2025-02-13 10:06:45 INFO Compacting database took 2.1 seconds
2025-02-13 10:07:00 INFO Job clean-temp started
2025-02-13 10:07:01 INFO Job clean-temp removed 10 files
2025-02-13 10:07:02 INFO Job clean-temp removed 5 files
2025-02-13 10:07:03 INFO Job clean-temp removed 7 files
2025-02-13 10:07:04 INFO Job clean-temp finished in 600 ms
2025-02-13 10:07:05 INFO Job clean-temp finished in 2600 ms
2025-02-13 10:07:06 INFO Job clean-temp finished in 700 ms
2025-02-13 10:07:07 INFO Job clean-temp finished in 3100 ms
2025-02-13 10:07:08 WARN Job clean-temp is slow, please investigate
2025-02-13 10:07:20 INFO User export started
2025-02-13 10:07:21 INFO User export took 1.4s
2025-02-13 10:07:22 INFO User export took 2.5s
2025-02-13 10:07:23 INFO User export took 3.1s
2025-02-13 10:07:24 INFO User export took 0.9s
2025-02-13 10:07:25 INFO User export took 4.0s
2025-02-13 10:07:30 INFO Server shutting down
